<?xml version="1.0" encoding="UTF-8"?>
<!-- Generated by org.testng.reporters.JUnitReportReporter -->
<testsuite hostname="Yogesh-Personal" failures="0" tests="4" name="TestCases.TimeoutTest" time="17.020" errors="0" timestamp="2022-06-12T12:41:07 IST" skipped="0">
  <testcase classname="TestCases.TimeoutTest" name="verifyKiteLogoTest" time="3.228"/>
  <system-out/>
  <testcase classname="TestCases.TimeoutTest" name="verifyTitleTest" time="3.204"/>
  <system-out/>
  <testcase classname="TestCases.TimeoutTest" name="loginToAppTest" time="7.178"/>
  <system-out/>
  <testcase classname="TestCases.TimeoutTest" name="verifyZerodhaLogoTest" time="3.410"/>
  <system-out/>
</testsuite> <!-- TestCases.TimeoutTest -->
