<?xml version="1.0" encoding="UTF-8"?>
<!-- Generated by org.testng.reporters.JUnitReportReporter -->
<testsuite hostname="Yogesh-Personal" failures="0" tests="3" name="TestCases.ParallelExcution" time="127.537" errors="0" timestamp="2022-06-20T13:13:47 IST" skipped="0">
  <testcase classname="TestCases.ParallelExcution" name="openFb" time="21.113"/>
  <system-out/>
  <testcase classname="TestCases.ParallelExcution" name="openAmazon" time="61.568"/>
  <system-out/>
  <testcase classname="TestCases.ParallelExcution" name="openFlipkart" time="44.856"/>
  <system-out/>
</testsuite> <!-- TestCases.ParallelExcution -->
