<?xml version="1.0" encoding="UTF-8"?>
<!-- Generated by org.testng.reporters.JUnitReportReporter -->
<testsuite hostname="Yogesh-Personal" failures="0" tests="4" name="TestCases.PriorityTest" time="27.126" errors="0" timestamp="2022-06-12T11:46:11 IST" skipped="0">
  <testcase classname="TestCases.PriorityTest" name="verifyTitleTest" time="5.649"/>
  <system-out/>
  <testcase classname="TestCases.PriorityTest" name="verifyKiteLogoTest" time="6.870"/>
  <system-out/>
  <testcase classname="TestCases.PriorityTest" name="verifyZerodhaLogoTest" time="7.500"/>
  <system-out/>
  <testcase classname="TestCases.PriorityTest" name="loginToAppTest" time="7.107"/>
  <system-out/>
</testsuite> <!-- TestCases.PriorityTest -->
