<?xml version="1.0" encoding="UTF-8"?>
<!-- Generated by org.testng.reporters.JUnitReportReporter -->
<testsuite hostname="Yogesh-Personal" failures="0" tests="1" name="TestCases.GroupTest" time="7.250" errors="0" timestamp="2022-06-12T12:10:41 IST" skipped="0">
  <testcase classname="TestCases.GroupTest" name="loginToAppTest" time="7.250"/>
  <system-out/>
</testsuite> <!-- TestCases.GroupTest -->
