<?xml version="1.0" encoding="UTF-8"?>
<!-- Generated by org.testng.reporters.JUnitReportReporter -->
<testsuite hostname="Yogesh-Personal" failures="0" tests="3" name="TestCases.DashboardPageTest" time="43.325" errors="0" timestamp="2022-06-20T19:37:19 IST" skipped="2">
  <testcase classname="TestCases.DashboardPageTest" name="verifyEmailTest" time="43.325"/>
  <system-out/>
  <testcase classname="TestCases.DashboardPageTest" name="placeGttOrderTest">
    <skipped/>
  </testcase> <!-- placeGttOrderTest -->
  <system-out/>
  <testcase classname="TestCases.DashboardPageTest" name="verifyUsernameTest">
    <skipped/>
  </testcase> <!-- verifyUsernameTest -->
  <system-out/>
</testsuite> <!-- TestCases.DashboardPageTest -->
