<?xml version="1.0" encoding="UTF-8"?>
<!-- Generated by org.testng.reporters.JUnitReportReporter -->
<testsuite hostname="Yogesh-Personal" failures="0" tests="1" name="TestCases.DuplicateLoginTest" time="10.152" errors="0" timestamp="2022-06-16T17:51:52 IST" skipped="0">
  <testcase classname="TestCases.DuplicateLoginTest" name="verifyKiteLogoTest" time="10.152"/>
  <system-out/>
</testsuite> <!-- TestCases.DuplicateLoginTest -->
