<?xml version="1.0" encoding="UTF-8"?>
<!-- Generated by org.testng.reporters.JUnitReportReporter -->
<testsuite hostname="Yogesh-Personal" failures="0" tests="20" name="TestCases.InvocationCountTest" time="143.182" errors="0" timestamp="2022-06-12T12:34:56 IST" skipped="0">
  <testcase classname="TestCases.InvocationCountTest" name="verifyZerodhaLogoTest" time="5.109"/>
  <system-out/>
  <testcase classname="TestCases.InvocationCountTest" name="verifyZerodhaLogoTest" time="6.591"/>
  <system-out/>
  <testcase classname="TestCases.InvocationCountTest" name="verifyTitleTest" time="5.264"/>
  <system-out/>
  <testcase classname="TestCases.InvocationCountTest" name="verifyTitleTest" time="5.007"/>
  <system-out/>
  <testcase classname="TestCases.InvocationCountTest" name="verifyZerodhaLogoTest" time="11.074"/>
  <system-out/>
  <testcase classname="TestCases.InvocationCountTest" name="loginToAppTest" time="11.198"/>
  <system-out/>
  <testcase classname="TestCases.InvocationCountTest" name="verifyKiteLogoTest" time="5.558"/>
  <system-out/>
  <testcase classname="TestCases.InvocationCountTest" name="verifyZerodhaLogoTest" time="7.910"/>
  <system-out/>
  <testcase classname="TestCases.InvocationCountTest" name="verifyKiteLogoTest" time="8.103"/>
  <system-out/>
  <testcase classname="TestCases.InvocationCountTest" name="loginToAppTest" time="7.084"/>
  <system-out/>
  <testcase classname="TestCases.InvocationCountTest" name="verifyTitleTest" time="4.324"/>
  <system-out/>
  <testcase classname="TestCases.InvocationCountTest" name="loginToAppTest" time="7.285"/>
  <system-out/>
  <testcase classname="TestCases.InvocationCountTest" name="verifyKiteLogoTest" time="9.436"/>
  <system-out/>
  <testcase classname="TestCases.InvocationCountTest" name="verifyKiteLogoTest" time="5.256"/>
  <system-out/>
  <testcase classname="TestCases.InvocationCountTest" name="loginToAppTest" time="10.037"/>
  <system-out/>
  <testcase classname="TestCases.InvocationCountTest" name="verifyTitleTest" time="4.426"/>
  <system-out/>
  <testcase classname="TestCases.InvocationCountTest" name="loginToAppTest" time="10.107"/>
  <system-out/>
  <testcase classname="TestCases.InvocationCountTest" name="verifyKiteLogoTest" time="5.824"/>
  <system-out/>
  <testcase classname="TestCases.InvocationCountTest" name="verifyZerodhaLogoTest" time="5.409"/>
  <system-out/>
  <testcase classname="TestCases.InvocationCountTest" name="verifyTitleTest" time="8.180"/>
  <system-out/>
</testsuite> <!-- TestCases.InvocationCountTest -->
