<?xml version="1.0" encoding="UTF-8"?>
<!-- Generated by org.testng.reporters.JUnitReportReporter -->
<testsuite hostname="Yogesh-Personal" failures="0" tests="4" name="TestCases.LoginPageTest" time="36.829" errors="0" timestamp="2022-07-11T09:07:59 IST" skipped="2">
  <testcase classname="TestCases.LoginPageTest" name="verifyTitleTest" time="21.053"/>
  <system-out/>
  <testcase classname="TestCases.LoginPageTest" name="loginToAppTest" time="15.776"/>
  <system-out>
    <![CDATA[Login to Application]]>
  </system-out>
  <testcase classname="TestCases.LoginPageTest" name="verifyKiteLogoTest">
    <skipped/>
  </testcase> <!-- verifyKiteLogoTest -->
  <system-out/>
  <testcase classname="TestCases.LoginPageTest" name="verifyZerodhaLogoTest">
    <skipped/>
  </testcase> <!-- verifyZerodhaLogoTest -->
  <system-out/>
</testsuite> <!-- TestCases.LoginPageTest -->
